Hmm ... looks like a package
Converting parsed Rd's to LaTeX .......
Creating pdf output from LaTeX ...

This is pdfTeX, Version 3.141592653-2.6-1.40.28 (TeX Live 2025) (preloaded format=pdflatex)
 restricted \write18 enabled.
entering extended mode
LaTeX2e <2025-06-01> patch level 1
L3 programming layer <2025-08-13>
(./Rd2.tex
(/Users/verwash/Library/TinyTeX/texmf-dist/tex/latex/base/book.cls
Document Class: book 2025/01/22 v1.4n Standard LaTeX document class
(/Users/verwash/Library/TinyTeX/texmf-dist/tex/latex/base/bk10.clo)) (/Library/Frameworks/R.framework/Resources/share/texmf/tex/latex/Rd.sty (/Users/verwash/Library/TinyTeX/texmf-dist/tex/latex/base/ifthen.sty) (/Users/verwash/Library/TinyTeX/texmf-dist/tex/generic/iftex/iftex.sty) (/Users/verwash/Library/TinyTeX/texmf-dist/tex/latex/tools/longtable.sty) (/Users/verwash/Library/TinyTeX/texmf-dist/tex/latex/tools/bm.sty) (/Users/verwash/Library/TinyTeX/texmf-dist/tex/latex/base/alltt.sty) (/Users/verwash/Library/TinyTeX/texmf-dist/tex/latex/tools/verbatim.sty) (/Users/verwash/Library/TinyTeX/texmf-dist/tex/latex/url/url.sty) (/Users/verwash/Library/TinyTeX/texmf-dist/tex/latex/base/textcomp.sty) (/Users/verwash/Library/TinyTeX/texmf-dist/tex/latex/amsmath/amsmath.sty
For additional information on amsmath, use the `?' option.
(/Users/verwash/Library/TinyTeX/texmf-dist/tex/latex/amsmath/amstext.sty (/Users/verwash/Library/TinyTeX/texmf-dist/tex/latex/amsmath/amsgen.sty)) (/Users/verwash/Library/TinyTeX/texmf-dist/tex/latex/amsmath/amsbsy.sty) (/Users/verwash/Library/TinyTeX/texmf-dist/tex/latex/amsmath/amsopn.sty)) (/Users/verwash/Library/TinyTeX/texmf-dist/tex/latex/amsfonts/amsfonts.sty) (/Users/verwash/Library/TinyTeX/texmf-dist/tex/latex/amsfonts/amssymb.sty) (/Users/verwash/Library/TinyTeX/texmf-dist/tex/latex/amsfonts/eucal.sty) (/Users/verwash/Library/TinyTeX/texmf-dist/tex/latex/base/fontenc.sty) (/Users/verwash/Library/TinyTeX/texmf-dist/tex/latex/psnfss/times.sty) (/Users/verwash/Library/TinyTeX/texmf-dist/tex/latex/inconsolata/zi4.sty `inconsolata-zi4' v1.12, 2019/05/17 Text macros for Inconsolata (msharpe) (/Users/verwash/Library/TinyTeX/texmf-dist/tex/latex/xkeyval/xkeyval.sty (/Users/verwash/Library/TinyTeX/texmf-dist/tex/generic/xkeyval/xkeyval.tex (/Users/verwash/Library/TinyTeX/texmf-dist/tex/generic/xkeyval/xkvutils.tex (/Users/verwash/Library/TinyTeX/texmf-dist/tex/generic/xkeyval/keyval.tex))))) (/Users/verwash/Library/TinyTeX/texmf-dist/tex/latex/graphics/color.sty (/Users/verwash/Library/TinyTeX/texmf-dist/tex/latex/graphics-cfg/color.cfg) (/Users/verwash/Library/TinyTeX/texmf-dist/tex/latex/graphics-def/pdftex.def) (/Users/verwash/Library/TinyTeX/texmf-dist/tex/latex/graphics/mathcolor.ltx)) (/Users/verwash/Library/TinyTeX/texmf-dist/tex/latex/hyperref/hyperref.sty (/Users/verwash/Library/TinyTeX/texmf-dist/tex/latex/kvsetkeys/kvsetkeys.sty) (/Users/verwash/Library/TinyTeX/texmf-dist/tex/generic/kvdefinekeys/kvdefinekeys.sty) (/Users/verwash/Library/TinyTeX/texmf-dist/tex/generic/pdfescape/pdfescape.sty (/Users/verwash/Library/TinyTeX/texmf-dist/tex/generic/ltxcmds/ltxcmds.sty) (/Users/verwash/Library/TinyTeX/texmf-dist/tex/generic/pdftexcmds/pdftexcmds.sty (/Users/verwash/Library/TinyTeX/texmf-dist/tex/generic/infwarerr/infwarerr.sty))) (/Users/verwash/Library/TinyTeX/texmf-dist/tex/latex/hycolor/hycolor.sty) (/Users/verwash/Library/TinyTeX/texmf-dist/tex/latex/hyperref/nameref.sty (/Users/verwash/Library/TinyTeX/texmf-dist/tex/latex/refcount/refcount.sty) (/Users/verwash/Library/TinyTeX/texmf-dist/tex/generic/gettitlestring/gettitlestring.sty (/Users/verwash/Library/TinyTeX/texmf-dist/tex/latex/kvoptions/kvoptions.sty))) (/Users/verwash/Library/TinyTeX/texmf-dist/tex/latex/etoolbox/etoolbox.sty) (/Users/verwash/Library/TinyTeX/texmf-dist/tex/generic/stringenc/stringenc.sty) (/Users/verwash/Library/TinyTeX/texmf-dist/tex/latex/hyperref/pd1enc.def) (/Users/verwash/Library/TinyTeX/texmf-dist/tex/generic/intcalc/intcalc.sty) (/Users/verwash/Library/TinyTeX/texmf-dist/tex/latex/hyperref/puenc.def) (/Users/verwash/Library/TinyTeX/texmf-dist/tex/generic/bitset/bitset.sty (/Users/verwash/Library/TinyTeX/texmf-dist/tex/generic/bigintcalc/bigintcalc.sty))) (/Users/verwash/Library/TinyTeX/texmf-dist/tex/latex/hyperref/hpdftex.def (/Users/verwash/Library/TinyTeX/texmf-dist/tex/latex/rerunfilecheck/rerunfilecheck.sty (/Users/verwash/Library/TinyTeX/texmf-dist/tex/generic/uniquecounter/uniquecounter.sty)))) (/Users/verwash/Library/TinyTeX/texmf-dist/tex/latex/base/makeidx.sty)
Writing index file Rd2.idx
(/Users/verwash/Library/TinyTeX/texmf-dist/tex/latex/psnfss/t1ptm.fd) (/Users/verwash/Library/TinyTeX/texmf-dist/tex/latex/l3backend/l3backend-pdftex.def)
No file Rd2.aux.
(/Users/verwash/Library/TinyTeX/texmf-dist/tex/latex/inconsolata/t1zi4.fd) (/Users/verwash/Library/TinyTeX/texmf-dist/tex/latex/amsfonts/umsa.fd) (/Users/verwash/Library/TinyTeX/texmf-dist/tex/latex/amsfonts/umsb.fd)
No file Rd2.toc.

[1{/Users/verwash/Library/TinyTeX/texmf-var/fonts/map/pdftex/updmap/pdftex.map}{/Users/verwash/Library/TinyTeX/texmf-dist/fonts/enc/dvips/base/8r.enc}{/Users/verwash/Library/TinyTeX/texmf-dist/fonts/enc/dvips/inconsolata/i4-t1-0.enc}]
Overfull \hbox (63.31752pt too wide) in paragraph at lines 106--108
[]\T1/ptm/m/n/10 Replication meta-data and ma-te-ri-als are stored in the pub-lic reg-istry: [][]$\T1/zi4/m/n/10 https : / / github . com / replicate-[]anything /
(/Users/verwash/Library/TinyTeX/texmf-dist/tex/latex/psnfss/ts1ptm.fd)
[2]
Overfull \hbox (6.11044pt too wide) in paragraph at lines 131--132
[]\T1/ptm/m/n/10 Report bugs at [][]$\T1/zi4/m/n/10 https : / / github . com / replicate-[]anything / replicateEverything / issues$[][] 

[3]
[4]
[5]
Overfull \hbox (1.69786pt too wide) in paragraph at lines 305--307
[]\T1/ptm/m/n/10 Uses []\T1/zi4/m/n/10 httr []\T1/ptm/m/n/10 for HTTP(S) URLs to avoid []\T1/zi4/m/n/10 download.file() []\T1/ptm/m/n/10 temp-path fail-ures on some Shiny servers. 

[6]
[7]
[8]
[9]
[10]
[11]
[12]
[13]
[14]
Overfull \hbox (41.4776pt too wide) in paragraph at lines 810--812
[]\T1/ptm/m/n/10 Uses the GitHub REST API (not []\T1/zi4/m/n/10 remotes[]\T1/ptm/m/n/10 ) so ver-sion checks work on servers where []\T1/zi4/m/n/10 remotes::remote_sha()

[15]
[16]
[17]
[18]
[19]
[20]
[21]
[22]
[23]
[24]
[25]
Overfull \hbox (16.27031pt too wide) in paragraph at lines 1359--1362
[]\T1/zi4/m/n/10 replication.yml []\T1/ptm/m/n/10 (GitHub slug, e.g. []\T1/zi4/m/n/10 replicate-anything/rep_10.1371_journal.pone.0278337[]\T1/ptm/m/n/10 ). 

[26]
[27]
[28]
[29]
[30]
[31]
Overfull \hbox (152.57906pt too wide) in paragraph at lines 1666--1671
\T1/ptm/m/n/10 were checked. The study in-dex should come from the pack-age repo (e.g. []\T1/zi4/m/n/10 replicate-anything/rep_10.1371_journal.pone.0278337[]\T1/ptm/m/n/10 ),

[32]
[33]
[34]
[35]
[36]
[37]
Overfull \hbox (3.95943pt too wide) in paragraph at lines 1963--1966
[]\T1/ptm/m/n/10 Scripts nor-mally use an []\T1/zi4/m/n/10 if/else []\T1/ptm/m/n/10 footer: []\T1/zi4/m/n/10 generate_figure <- make_fig_1(read.csv(...)) []\T1/ptm/m/n/10 when

[38]
[39]
[40]
[41]
No file Rd2.ind.

[42] (/private/var/folders/wb/t2ltn_4d6dvgx6qgpcq4fq8c0000gn/T/RtmpNNkW3d/Rd2pdf1356064d8b145/Rd2.aux)

Package rerunfilecheck Warning: File `Rd2.out' has changed.
(rerunfilecheck)                Rerun to get outlines right
(rerunfilecheck)                or use package `bookmark'.

 )
(see the transcript file for additional information)</Users/verwash/Library/TinyTeX/texmf-dist/fonts/type1/public/inconsolata/Inconsolata-zi4r.pfb></Users/verwash/Library/TinyTeX/texmf-dist/fonts/type1/urw/times/utmb8a.pfb></Users/verwash/Library/TinyTeX/texmf-dist/fonts/type1/urw/times/utmr8a.pfb></Users/verwash/Library/TinyTeX/texmf-dist/fonts/type1/urw/times/utmr8a.pfb></Users/verwash/Library/TinyTeX/texmf-dist/fonts/type1/urw/times/utmri8a.pfb>
Output written on Rd2.pdf (42 pages, 137930 bytes).
Transcript written on Rd2.log.
This is makeindex, version 2.17 [TeX Live 2025] (kpathsea + Thai support).
Scanning input file Rd2.idx....done (133 entries accepted, 0 rejected).
Sorting entries....done (923 comparisons).
Generating output file Rd2.ind....done (199 lines written, 0 warnings).
Output written in Rd2.ind.
Transcript written in Rd2.ilg.
This is pdfTeX, Version 3.141592653-2.6-1.40.28 (TeX Live 2025) (preloaded format=pdflatex)
 restricted \write18 enabled.
entering extended mode
LaTeX2e <2025-06-01> patch level 1
L3 programming layer <2025-08-13>
(./Rd2.tex
(/Users/verwash/Library/TinyTeX/texmf-dist/tex/latex/base/book.cls
Document Class: book 2025/01/22 v1.4n Standard LaTeX document class
(/Users/verwash/Library/TinyTeX/texmf-dist/tex/latex/base/bk10.clo)) (/Library/Frameworks/R.framework/Resources/share/texmf/tex/latex/Rd.sty (/Users/verwash/Library/TinyTeX/texmf-dist/tex/latex/base/ifthen.sty) (/Users/verwash/Library/TinyTeX/texmf-dist/tex/generic/iftex/iftex.sty) (/Users/verwash/Library/TinyTeX/texmf-dist/tex/latex/tools/longtable.sty) (/Users/verwash/Library/TinyTeX/texmf-dist/tex/latex/tools/bm.sty) (/Users/verwash/Library/TinyTeX/texmf-dist/tex/latex/base/alltt.sty) (/Users/verwash/Library/TinyTeX/texmf-dist/tex/latex/tools/verbatim.sty) (/Users/verwash/Library/TinyTeX/texmf-dist/tex/latex/url/url.sty) (/Users/verwash/Library/TinyTeX/texmf-dist/tex/latex/base/textcomp.sty) (/Users/verwash/Library/TinyTeX/texmf-dist/tex/latex/amsmath/amsmath.sty
For additional information on amsmath, use the `?' option.
(/Users/verwash/Library/TinyTeX/texmf-dist/tex/latex/amsmath/amstext.sty (/Users/verwash/Library/TinyTeX/texmf-dist/tex/latex/amsmath/amsgen.sty)) (/Users/verwash/Library/TinyTeX/texmf-dist/tex/latex/amsmath/amsbsy.sty) (/Users/verwash/Library/TinyTeX/texmf-dist/tex/latex/amsmath/amsopn.sty)) (/Users/verwash/Library/TinyTeX/texmf-dist/tex/latex/amsfonts/amsfonts.sty) (/Users/verwash/Library/TinyTeX/texmf-dist/tex/latex/amsfonts/amssymb.sty) (/Users/verwash/Library/TinyTeX/texmf-dist/tex/latex/amsfonts/eucal.sty) (/Users/verwash/Library/TinyTeX/texmf-dist/tex/latex/base/fontenc.sty) (/Users/verwash/Library/TinyTeX/texmf-dist/tex/latex/psnfss/times.sty) (/Users/verwash/Library/TinyTeX/texmf-dist/tex/latex/inconsolata/zi4.sty `inconsolata-zi4' v1.12, 2019/05/17 Text macros for Inconsolata (msharpe) (/Users/verwash/Library/TinyTeX/texmf-dist/tex/latex/xkeyval/xkeyval.sty (/Users/verwash/Library/TinyTeX/texmf-dist/tex/generic/xkeyval/xkeyval.tex (/Users/verwash/Library/TinyTeX/texmf-dist/tex/generic/xkeyval/xkvutils.tex (/Users/verwash/Library/TinyTeX/texmf-dist/tex/generic/xkeyval/keyval.tex))))) (/Users/verwash/Library/TinyTeX/texmf-dist/tex/latex/graphics/color.sty (/Users/verwash/Library/TinyTeX/texmf-dist/tex/latex/graphics-cfg/color.cfg) (/Users/verwash/Library/TinyTeX/texmf-dist/tex/latex/graphics-def/pdftex.def) (/Users/verwash/Library/TinyTeX/texmf-dist/tex/latex/graphics/mathcolor.ltx)) (/Users/verwash/Library/TinyTeX/texmf-dist/tex/latex/hyperref/hyperref.sty (/Users/verwash/Library/TinyTeX/texmf-dist/tex/latex/kvsetkeys/kvsetkeys.sty) (/Users/verwash/Library/TinyTeX/texmf-dist/tex/generic/kvdefinekeys/kvdefinekeys.sty) (/Users/verwash/Library/TinyTeX/texmf-dist/tex/generic/pdfescape/pdfescape.sty (/Users/verwash/Library/TinyTeX/texmf-dist/tex/generic/ltxcmds/ltxcmds.sty) (/Users/verwash/Library/TinyTeX/texmf-dist/tex/generic/pdftexcmds/pdftexcmds.sty (/Users/verwash/Library/TinyTeX/texmf-dist/tex/generic/infwarerr/infwarerr.sty))) (/Users/verwash/Library/TinyTeX/texmf-dist/tex/latex/hycolor/hycolor.sty) (/Users/verwash/Library/TinyTeX/texmf-dist/tex/latex/hyperref/nameref.sty (/Users/verwash/Library/TinyTeX/texmf-dist/tex/latex/refcount/refcount.sty) (/Users/verwash/Library/TinyTeX/texmf-dist/tex/generic/gettitlestring/gettitlestring.sty (/Users/verwash/Library/TinyTeX/texmf-dist/tex/latex/kvoptions/kvoptions.sty))) (/Users/verwash/Library/TinyTeX/texmf-dist/tex/latex/etoolbox/etoolbox.sty) (/Users/verwash/Library/TinyTeX/texmf-dist/tex/generic/stringenc/stringenc.sty) (/Users/verwash/Library/TinyTeX/texmf-dist/tex/latex/hyperref/pd1enc.def) (/Users/verwash/Library/TinyTeX/texmf-dist/tex/generic/intcalc/intcalc.sty) (/Users/verwash/Library/TinyTeX/texmf-dist/tex/latex/hyperref/puenc.def) (/Users/verwash/Library/TinyTeX/texmf-dist/tex/generic/bitset/bitset.sty (/Users/verwash/Library/TinyTeX/texmf-dist/tex/generic/bigintcalc/bigintcalc.sty))) (/Users/verwash/Library/TinyTeX/texmf-dist/tex/latex/hyperref/hpdftex.def (/Users/verwash/Library/TinyTeX/texmf-dist/tex/latex/rerunfilecheck/rerunfilecheck.sty (/Users/verwash/Library/TinyTeX/texmf-dist/tex/generic/uniquecounter/uniquecounter.sty)))) (/Users/verwash/Library/TinyTeX/texmf-dist/tex/latex/base/makeidx.sty)
Writing index file Rd2.idx
(/Users/verwash/Library/TinyTeX/texmf-dist/tex/latex/psnfss/t1ptm.fd) (/Users/verwash/Library/TinyTeX/texmf-dist/tex/latex/l3backend/l3backend-pdftex.def) (/private/var/folders/wb/t2ltn_4d6dvgx6qgpcq4fq8c0000gn/T/RtmpNNkW3d/Rd2pdf1356064d8b145/Rd2.aux) (/private/var/folders/wb/t2ltn_4d6dvgx6qgpcq4fq8c0000gn/T/RtmpNNkW3d/Rd2pdf1356064d8b145/Rd2.out) (/private/var/folders/wb/t2ltn_4d6dvgx6qgpcq4fq8c0000gn/T/RtmpNNkW3d/Rd2pdf1356064d8b145/Rd2.out) (/Users/verwash/Library/TinyTeX/texmf-dist/tex/latex/inconsolata/t1zi4.fd) (/Users/verwash/Library/TinyTeX/texmf-dist/tex/latex/amsfonts/umsa.fd) (/Users/verwash/Library/TinyTeX/texmf-dist/tex/latex/amsfonts/umsb.fd) (/private/var/folders/wb/t2ltn_4d6dvgx6qgpcq4fq8c0000gn/T/RtmpNNkW3d/Rd2pdf1356064d8b145/Rd2.toc
[1{/Users/verwash/Library/TinyTeX/texmf-var/fonts/map/pdftex/updmap/pdftex.map}{/Users/verwash/Library/TinyTeX/texmf-dist/fonts/enc/dvips/base/8r.enc}{/Users/verwash/Library/TinyTeX/texmf-dist/fonts/enc/dvips/inconsolata/i4-t1-0.enc}]
[2])
[3]
Overfull \hbox (63.31752pt too wide) in paragraph at lines 106--108
[]\T1/ptm/m/n/10 Replication meta-data and ma-te-ri-als are stored in the pub-lic reg-istry: [][]$\T1/zi4/m/n/10 https : / / github . com / replicate-[]anything /
(/Users/verwash/Library/TinyTeX/texmf-dist/tex/latex/psnfss/ts1ptm.fd)
Overfull \hbox (6.11044pt too wide) in paragraph at lines 131--132
[]\T1/ptm/m/n/10 Report bugs at [][]$\T1/zi4/m/n/10 https : / / github . com / replicate-[]anything / replicateEverything / issues$[][] 

[4]
[5]
[6]
[7]
Overfull \hbox (1.69786pt too wide) in paragraph at lines 305--307
[]\T1/ptm/m/n/10 Uses []\T1/zi4/m/n/10 httr []\T1/ptm/m/n/10 for HTTP(S) URLs to avoid []\T1/zi4/m/n/10 download.file() []\T1/ptm/m/n/10 temp-path fail-ures on some Shiny servers. 

[8]
[9]
[10]
[11]
[12]
[13]
[14]
[15]
[16]
Overfull \hbox (41.4776pt too wide) in paragraph at lines 810--812
[]\T1/ptm/m/n/10 Uses the GitHub REST API (not []\T1/zi4/m/n/10 remotes[]\T1/ptm/m/n/10 ) so ver-sion checks work on servers where []\T1/zi4/m/n/10 remotes::remote_sha()

[17]
[18]
[19]
[20]
[21]
[22]
[23]
[24]
[25]
[26]
[27]
Overfull \hbox (16.27031pt too wide) in paragraph at lines 1359--1362
[]\T1/zi4/m/n/10 replication.yml []\T1/ptm/m/n/10 (GitHub slug, e.g. []\T1/zi4/m/n/10 replicate-anything/rep_10.1371_journal.pone.0278337[]\T1/ptm/m/n/10 ). 

[28]
[29]
[30]
[31]
[32]
[33]
Overfull \hbox (152.57906pt too wide) in paragraph at lines 1666--1671
\T1/ptm/m/n/10 were checked. The study in-dex should come from the pack-age repo (e.g. []\T1/zi4/m/n/10 replicate-anything/rep_10.1371_journal.pone.0278337[]\T1/ptm/m/n/10 ),

[34]
[35]
[36]
[37]
[38]
[39]
Overfull \hbox (3.95943pt too wide) in paragraph at lines 1963--1966
[]\T1/ptm/m/n/10 Scripts nor-mally use an []\T1/zi4/m/n/10 if/else []\T1/ptm/m/n/10 footer: []\T1/zi4/m/n/10 generate_figure <- make_fig_1(read.csv(...)) []\T1/ptm/m/n/10 when

[40]
[41]
[42]
[43] (/private/var/folders/wb/t2ltn_4d6dvgx6qgpcq4fq8c0000gn/T/RtmpNNkW3d/Rd2pdf1356064d8b145/Rd2.ind
[44]
Overfull \hbox (3.3567pt too wide) in paragraph at lines 29--31
[]| \T1/zi4/m/n/10 install_replication_package_github\T1/ptm/m/n/10 , 


[45]

LaTeX Font Warning: Font shape `T1/zi4/m/it' undefined
(Font)              using `T1/zi4/m/n' instead on input line 163.



[46]) (/private/var/folders/wb/t2ltn_4d6dvgx6qgpcq4fq8c0000gn/T/RtmpNNkW3d/Rd2pdf1356064d8b145/Rd2.aux)

LaTeX Font Warning: Some font shapes were not available, defaults substituted.


Package rerunfilecheck Warning: File `Rd2.out' has changed.
(rerunfilecheck)                Rerun to get outlines right
(rerunfilecheck)                or use package `bookmark'.

 )
(see the transcript file for additional information)</Users/verwash/Library/TinyTeX/texmf-dist/fonts/type1/public/inconsolata/Inconsolata-zi4r.pfb></Users/verwash/Library/TinyTeX/texmf-dist/fonts/type1/public/amsfonts/cm/cmsy10.pfb></Users/verwash/Library/TinyTeX/texmf-dist/fonts/type1/urw/times/utmb8a.pfb></Users/verwash/Library/TinyTeX/texmf-dist/fonts/type1/urw/times/utmr8a.pfb></Users/verwash/Library/TinyTeX/texmf-dist/fonts/type1/urw/times/utmr8a.pfb></Users/verwash/Library/TinyTeX/texmf-dist/fonts/type1/urw/times/utmri8a.pfb>
Output written on Rd2.pdf (46 pages, 163443 bytes).
Transcript written on Rd2.log.
This is makeindex, version 2.17 [TeX Live 2025] (kpathsea + Thai support).
Scanning input file Rd2.idx....done (133 entries accepted, 0 rejected).
Sorting entries....done (923 comparisons).
Generating output file Rd2.ind....done (199 lines written, 0 warnings).
Output written in Rd2.ind.
Transcript written in Rd2.ilg.
This is pdfTeX, Version 3.141592653-2.6-1.40.28 (TeX Live 2025) (preloaded format=pdflatex)
 restricted \write18 enabled.
entering extended mode
LaTeX2e <2025-06-01> patch level 1
L3 programming layer <2025-08-13>
(./Rd2.tex
(/Users/verwash/Library/TinyTeX/texmf-dist/tex/latex/base/book.cls
Document Class: book 2025/01/22 v1.4n Standard LaTeX document class
(/Users/verwash/Library/TinyTeX/texmf-dist/tex/latex/base/bk10.clo)) (/Library/Frameworks/R.framework/Resources/share/texmf/tex/latex/Rd.sty (/Users/verwash/Library/TinyTeX/texmf-dist/tex/latex/base/ifthen.sty) (/Users/verwash/Library/TinyTeX/texmf-dist/tex/generic/iftex/iftex.sty) (/Users/verwash/Library/TinyTeX/texmf-dist/tex/latex/tools/longtable.sty) (/Users/verwash/Library/TinyTeX/texmf-dist/tex/latex/tools/bm.sty) (/Users/verwash/Library/TinyTeX/texmf-dist/tex/latex/base/alltt.sty) (/Users/verwash/Library/TinyTeX/texmf-dist/tex/latex/tools/verbatim.sty) (/Users/verwash/Library/TinyTeX/texmf-dist/tex/latex/url/url.sty) (/Users/verwash/Library/TinyTeX/texmf-dist/tex/latex/base/textcomp.sty) (/Users/verwash/Library/TinyTeX/texmf-dist/tex/latex/amsmath/amsmath.sty
For additional information on amsmath, use the `?' option.
(/Users/verwash/Library/TinyTeX/texmf-dist/tex/latex/amsmath/amstext.sty (/Users/verwash/Library/TinyTeX/texmf-dist/tex/latex/amsmath/amsgen.sty)) (/Users/verwash/Library/TinyTeX/texmf-dist/tex/latex/amsmath/amsbsy.sty) (/Users/verwash/Library/TinyTeX/texmf-dist/tex/latex/amsmath/amsopn.sty)) (/Users/verwash/Library/TinyTeX/texmf-dist/tex/latex/amsfonts/amsfonts.sty) (/Users/verwash/Library/TinyTeX/texmf-dist/tex/latex/amsfonts/amssymb.sty) (/Users/verwash/Library/TinyTeX/texmf-dist/tex/latex/amsfonts/eucal.sty) (/Users/verwash/Library/TinyTeX/texmf-dist/tex/latex/base/fontenc.sty) (/Users/verwash/Library/TinyTeX/texmf-dist/tex/latex/psnfss/times.sty) (/Users/verwash/Library/TinyTeX/texmf-dist/tex/latex/inconsolata/zi4.sty `inconsolata-zi4' v1.12, 2019/05/17 Text macros for Inconsolata (msharpe) (/Users/verwash/Library/TinyTeX/texmf-dist/tex/latex/xkeyval/xkeyval.sty (/Users/verwash/Library/TinyTeX/texmf-dist/tex/generic/xkeyval/xkeyval.tex (/Users/verwash/Library/TinyTeX/texmf-dist/tex/generic/xkeyval/xkvutils.tex (/Users/verwash/Library/TinyTeX/texmf-dist/tex/generic/xkeyval/keyval.tex))))) (/Users/verwash/Library/TinyTeX/texmf-dist/tex/latex/graphics/color.sty (/Users/verwash/Library/TinyTeX/texmf-dist/tex/latex/graphics-cfg/color.cfg) (/Users/verwash/Library/TinyTeX/texmf-dist/tex/latex/graphics-def/pdftex.def) (/Users/verwash/Library/TinyTeX/texmf-dist/tex/latex/graphics/mathcolor.ltx)) (/Users/verwash/Library/TinyTeX/texmf-dist/tex/latex/hyperref/hyperref.sty (/Users/verwash/Library/TinyTeX/texmf-dist/tex/latex/kvsetkeys/kvsetkeys.sty) (/Users/verwash/Library/TinyTeX/texmf-dist/tex/generic/kvdefinekeys/kvdefinekeys.sty) (/Users/verwash/Library/TinyTeX/texmf-dist/tex/generic/pdfescape/pdfescape.sty (/Users/verwash/Library/TinyTeX/texmf-dist/tex/generic/ltxcmds/ltxcmds.sty) (/Users/verwash/Library/TinyTeX/texmf-dist/tex/generic/pdftexcmds/pdftexcmds.sty (/Users/verwash/Library/TinyTeX/texmf-dist/tex/generic/infwarerr/infwarerr.sty))) (/Users/verwash/Library/TinyTeX/texmf-dist/tex/latex/hycolor/hycolor.sty) (/Users/verwash/Library/TinyTeX/texmf-dist/tex/latex/hyperref/nameref.sty (/Users/verwash/Library/TinyTeX/texmf-dist/tex/latex/refcount/refcount.sty) (/Users/verwash/Library/TinyTeX/texmf-dist/tex/generic/gettitlestring/gettitlestring.sty (/Users/verwash/Library/TinyTeX/texmf-dist/tex/latex/kvoptions/kvoptions.sty))) (/Users/verwash/Library/TinyTeX/texmf-dist/tex/latex/etoolbox/etoolbox.sty) (/Users/verwash/Library/TinyTeX/texmf-dist/tex/generic/stringenc/stringenc.sty) (/Users/verwash/Library/TinyTeX/texmf-dist/tex/latex/hyperref/pd1enc.def) (/Users/verwash/Library/TinyTeX/texmf-dist/tex/generic/intcalc/intcalc.sty) (/Users/verwash/Library/TinyTeX/texmf-dist/tex/latex/hyperref/puenc.def) (/Users/verwash/Library/TinyTeX/texmf-dist/tex/generic/bitset/bitset.sty (/Users/verwash/Library/TinyTeX/texmf-dist/tex/generic/bigintcalc/bigintcalc.sty))) (/Users/verwash/Library/TinyTeX/texmf-dist/tex/latex/hyperref/hpdftex.def (/Users/verwash/Library/TinyTeX/texmf-dist/tex/latex/rerunfilecheck/rerunfilecheck.sty (/Users/verwash/Library/TinyTeX/texmf-dist/tex/generic/uniquecounter/uniquecounter.sty)))) (/Users/verwash/Library/TinyTeX/texmf-dist/tex/latex/base/makeidx.sty)
Writing index file Rd2.idx
(/Users/verwash/Library/TinyTeX/texmf-dist/tex/latex/psnfss/t1ptm.fd) (/Users/verwash/Library/TinyTeX/texmf-dist/tex/latex/l3backend/l3backend-pdftex.def) (/private/var/folders/wb/t2ltn_4d6dvgx6qgpcq4fq8c0000gn/T/RtmpNNkW3d/Rd2pdf1356064d8b145/Rd2.aux) (/private/var/folders/wb/t2ltn_4d6dvgx6qgpcq4fq8c0000gn/T/RtmpNNkW3d/Rd2pdf1356064d8b145/Rd2.out) (/private/var/folders/wb/t2ltn_4d6dvgx6qgpcq4fq8c0000gn/T/RtmpNNkW3d/Rd2pdf1356064d8b145/Rd2.out) (/Users/verwash/Library/TinyTeX/texmf-dist/tex/latex/inconsolata/t1zi4.fd) (/Users/verwash/Library/TinyTeX/texmf-dist/tex/latex/amsfonts/umsa.fd) (/Users/verwash/Library/TinyTeX/texmf-dist/tex/latex/amsfonts/umsb.fd) (/private/var/folders/wb/t2ltn_4d6dvgx6qgpcq4fq8c0000gn/T/RtmpNNkW3d/Rd2pdf1356064d8b145/Rd2.toc
[1{/Users/verwash/Library/TinyTeX/texmf-var/fonts/map/pdftex/updmap/pdftex.map}{/Users/verwash/Library/TinyTeX/texmf-dist/fonts/enc/dvips/base/8r.enc}{/Users/verwash/Library/TinyTeX/texmf-dist/fonts/enc/dvips/inconsolata/i4-t1-0.enc}]
[2])
[3]
Overfull \hbox (63.31752pt too wide) in paragraph at lines 106--108
[]\T1/ptm/m/n/10 Replication meta-data and ma-te-ri-als are stored in the pub-lic reg-istry: [][]$\T1/zi4/m/n/10 https : / / github . com / replicate-[]anything /
(/Users/verwash/Library/TinyTeX/texmf-dist/tex/latex/psnfss/ts1ptm.fd)
Overfull \hbox (6.11044pt too wide) in paragraph at lines 131--132
[]\T1/ptm/m/n/10 Report bugs at [][]$\T1/zi4/m/n/10 https : / / github . com / replicate-[]anything / replicateEverything / issues$[][] 

[4]
[5]
[6]
[7]
Overfull \hbox (1.69786pt too wide) in paragraph at lines 305--307
[]\T1/ptm/m/n/10 Uses []\T1/zi4/m/n/10 httr []\T1/ptm/m/n/10 for HTTP(S) URLs to avoid []\T1/zi4/m/n/10 download.file() []\T1/ptm/m/n/10 temp-path fail-ures on some Shiny servers. 

[8]
[9]
[10]
[11]
[12]
[13]
[14]
[15]
[16]
Overfull \hbox (41.4776pt too wide) in paragraph at lines 810--812
[]\T1/ptm/m/n/10 Uses the GitHub REST API (not []\T1/zi4/m/n/10 remotes[]\T1/ptm/m/n/10 ) so ver-sion checks work on servers where []\T1/zi4/m/n/10 remotes::remote_sha()

[17]
[18]
[19]
[20]
[21]
[22]
[23]
[24]
[25]
[26]
[27]
Overfull \hbox (16.27031pt too wide) in paragraph at lines 1359--1362
[]\T1/zi4/m/n/10 replication.yml []\T1/ptm/m/n/10 (GitHub slug, e.g. []\T1/zi4/m/n/10 replicate-anything/rep_10.1371_journal.pone.0278337[]\T1/ptm/m/n/10 ). 

[28]
[29]
[30]
[31]
[32]
[33]
Overfull \hbox (152.57906pt too wide) in paragraph at lines 1666--1671
\T1/ptm/m/n/10 were checked. The study in-dex should come from the pack-age repo (e.g. []\T1/zi4/m/n/10 replicate-anything/rep_10.1371_journal.pone.0278337[]\T1/ptm/m/n/10 ),

[34]
[35]
[36]
[37]
[38]
[39]
Overfull \hbox (3.95943pt too wide) in paragraph at lines 1963--1966
[]\T1/ptm/m/n/10 Scripts nor-mally use an []\T1/zi4/m/n/10 if/else []\T1/ptm/m/n/10 footer: []\T1/zi4/m/n/10 generate_figure <- make_fig_1(read.csv(...)) []\T1/ptm/m/n/10 when

[40]
[41]
[42]
[43] (/private/var/folders/wb/t2ltn_4d6dvgx6qgpcq4fq8c0000gn/T/RtmpNNkW3d/Rd2pdf1356064d8b145/Rd2.ind
[44]
Overfull \hbox (3.3567pt too wide) in paragraph at lines 29--31
[]| \T1/zi4/m/n/10 install_replication_package_github\T1/ptm/m/n/10 , 


[45]

LaTeX Font Warning: Font shape `T1/zi4/m/it' undefined
(Font)              using `T1/zi4/m/n' instead on input line 163.



[46]) (/private/var/folders/wb/t2ltn_4d6dvgx6qgpcq4fq8c0000gn/T/RtmpNNkW3d/Rd2pdf1356064d8b145/Rd2.aux)

LaTeX Font Warning: Some font shapes were not available, defaults substituted.

 )
(see the transcript file for additional information)</Users/verwash/Library/TinyTeX/texmf-dist/fonts/type1/public/inconsolata/Inconsolata-zi4r.pfb></Users/verwash/Library/TinyTeX/texmf-dist/fonts/type1/public/amsfonts/cm/cmsy10.pfb></Users/verwash/Library/TinyTeX/texmf-dist/fonts/type1/urw/times/utmb8a.pfb></Users/verwash/Library/TinyTeX/texmf-dist/fonts/type1/urw/times/utmr8a.pfb></Users/verwash/Library/TinyTeX/texmf-dist/fonts/type1/urw/times/utmr8a.pfb></Users/verwash/Library/TinyTeX/texmf-dist/fonts/type1/urw/times/utmri8a.pfb>
Output written on Rd2.pdf (46 pages, 164175 bytes).
Transcript written on Rd2.log.
Saving output to ‘replicateEverything-manual.pdf’ ...
Done
You may want to clean up by 'rm -Rf /var/folders/wb/t2ltn_4d6dvgx6qgpcq4fq8c0000gn/T//RtmpNNkW3d/Rd2pdf1356064d8b145'
